<?xml version="1.0" encoding="UTF-8"?>
<!-- Generated by org.testng.reporters.JUnitXMLReporter -->
<testsuite ignored="0" hostname="DESKTOP-5L6DPVR" failures="1" tests="1" name="Android native app test on Android 7" time="9.077" errors="0" timestamp="2021-08-09T20:21:48 IST">
  <testcase classname="snapchat.SnapChatEmulatorParallelTest" name="openApp" time="0.007">
    <failure type="java.lang.NullPointerException">
      <![CDATA[java.lang.NullPointerException
at java.base/java.util.Objects.requireNonNull(Objects.java:208)
at org.openqa.selenium.support.ui.FluentWait.<init>(FluentWait.java:106)
at org.openqa.selenium.support.ui.WebDriverWait.<init>(WebDriverWait.java:85)
at org.openqa.selenium.support.ui.WebDriverWait.<init>(WebDriverWait.java:45)
at snapchat.SnapChatEmulatorParallelTest.openApp(SnapChatEmulatorParallelTest.java:84)
at java.base/java.util.concurrent.ThreadPoolExecutor.runWorker(ThreadPoolExecutor.java:1130)
at java.base/java.util.concurrent.ThreadPoolExecutor$Worker.run(ThreadPoolExecutor.java:630)
at java.base/java.lang.Thread.run(Thread.java:832)
... Removed 12 stack frames]]>
    </failure>
  </testcase> <!-- openApp -->
</testsuite> <!-- Android native app test on Android 7 -->
